<?xml version="1.0" encoding="UTF-8"?>
<!-- Generated by org.testng.reporters.JUnitXMLReporter -->
<testsuite hostname="Delia" ignored="0" name="Parallel Tests" tests="5" failures="0" timestamp="2023-03-02T19:07:48 EET" time="29.519" errors="0">
  <testcase name="metodaTest" time="1.925" classname="Tests.LoginTest"/>
  <testcase name="metodaTest" time="6.433" classname="Tests.WindowsTest"/>
  <testcase name="metodaTest" time="8.184" classname="Tests.RegisterTest"/>
  <testcase name="metodaTest" time="8.392" classname="Tests.AlertTest"/>
  <testcase name="metodaTest" time="17.72" classname="Tests.FrameTest"/>
</testsuite> <!-- Parallel Tests -->
