<?xml version="1.0" encoding="UTF-8"?>
<!-- Generated by org.testng.reporters.JUnitXMLReporter -->
<testsuite ignored="0" hostname="Delia" failures="0" tests="5" name="Parallel Tests" time="48.315" errors="0" timestamp="2023-02-28T20:53:01 EET">
  <testcase classname="Tests.LoginTest" name="metodaTest" time="7.079"/>
  <testcase classname="Tests.FrameTest" name="metodaTest" time="30.554"/>
  <testcase classname="Tests.RegisterTest" name="metodaTest" time="30.799"/>
  <testcase classname="Tests.WindowsTest" name="metodaTest" time="38.66"/>
  <testcase classname="Tests.AlertTest" name="metodaTest" time="40.02"/>
</testsuite> <!-- Parallel Tests -->
