<?xml version="1.0" encoding="UTF-8"?>
<testng-results skipped="0" failed="0" ignored="0" total="5" passed="5">
  <reporter-output>
  </reporter-output>
  <suite name="Testing Suite" duration-ms="29519" started-at="2023-03-02T19:07:19 EET" finished-at="2023-03-02T19:07:48 EET">
    <groups>
    </groups>
    <test name="Parallel Tests" duration-ms="29519" started-at="2023-03-02T19:07:19 EET" finished-at="2023-03-02T19:07:48 EET">
      <class name="Tests.RegisterTest">
        <test-method status="PASS" signature="prepareEnviroment()[pri:0, instance:Tests.RegisterTest@5dd6264]" name="prepareEnviroment" is-config="true" duration-ms="11115" started-at="2023-03-02T19:07:19 EET" finished-at="2023-03-02T19:07:30 EET">
          <reporter-output>
          </reporter-output>
        </test-method> <!-- prepareEnviroment -->
        <test-method status="PASS" signature="metodaTest()[pri:0, instance:Tests.RegisterTest@5dd6264]" name="metodaTest" duration-ms="8184" started-at="2023-03-02T19:07:30 EET" finished-at="2023-03-02T19:07:38 EET">
          <reporter-output>
          </reporter-output>
        </test-method> <!-- metodaTest -->
        <test-method status="PASS" signature="clearEnviroment(org.testng.ITestResult)[pri:0, instance:Tests.RegisterTest@5dd6264]" name="clearEnviroment" is-config="true" duration-ms="613" started-at="2023-03-02T19:07:38 EET" finished-at="2023-03-02T19:07:39 EET">
          <params>
            <param index="0">
              <value>
                <![CDATA[[TestResult name=metodaTest status=SUCCESS method=RegisterTest.metodaTest()[pri:0, instance:Tests.RegisterTest@5dd6264] output={null}]]]>
              </value>
            </param>
          </params>
          <reporter-output>
          </reporter-output>
        </test-method> <!-- clearEnviroment -->
      </class> <!-- Tests.RegisterTest -->
      <class name="Tests.AlertTest">
        <test-method status="PASS" signature="prepareEnviroment()[pri:0, instance:Tests.AlertTest@45018215]" name="prepareEnviroment" is-config="true" duration-ms="11118" started-at="2023-03-02T19:07:19 EET" finished-at="2023-03-02T19:07:30 EET">
          <reporter-output>
          </reporter-output>
        </test-method> <!-- prepareEnviroment -->
        <test-method status="PASS" signature="metodaTest()[pri:0, instance:Tests.AlertTest@45018215]" name="metodaTest" duration-ms="8392" started-at="2023-03-02T19:07:30 EET" finished-at="2023-03-02T19:07:38 EET">
          <reporter-output>
          </reporter-output>
        </test-method> <!-- metodaTest -->
        <test-method status="PASS" signature="clearEnviroment(org.testng.ITestResult)[pri:0, instance:Tests.AlertTest@45018215]" name="clearEnviroment" is-config="true" duration-ms="603" started-at="2023-03-02T19:07:38 EET" finished-at="2023-03-02T19:07:39 EET">
          <params>
            <param index="0">
              <value>
                <![CDATA[[TestResult name=metodaTest status=SUCCESS method=AlertTest.metodaTest()[pri:0, instance:Tests.AlertTest@45018215] output={null}]]]>
              </value>
            </param>
          </params>
          <reporter-output>
          </reporter-output>
        </test-method> <!-- clearEnviroment -->
      </class> <!-- Tests.AlertTest -->
      <class name="Tests.FrameTest">
        <test-method status="PASS" signature="prepareEnviroment()[pri:0, instance:Tests.FrameTest@159f197]" name="prepareEnviroment" is-config="true" duration-ms="11136" started-at="2023-03-02T19:07:19 EET" finished-at="2023-03-02T19:07:30 EET">
          <reporter-output>
          </reporter-output>
        </test-method> <!-- prepareEnviroment -->
        <test-method status="PASS" signature="metodaTest()[pri:0, instance:Tests.FrameTest@159f197]" name="metodaTest" duration-ms="17720" started-at="2023-03-02T19:07:30 EET" finished-at="2023-03-02T19:07:48 EET">
          <reporter-output>
          </reporter-output>
        </test-method> <!-- metodaTest -->
        <test-method status="PASS" signature="clearEnviroment(org.testng.ITestResult)[pri:0, instance:Tests.FrameTest@159f197]" name="clearEnviroment" is-config="true" duration-ms="606" started-at="2023-03-02T19:07:48 EET" finished-at="2023-03-02T19:07:48 EET">
          <params>
            <param index="0">
              <value>
                <![CDATA[[TestResult name=metodaTest status=SUCCESS method=FrameTest.metodaTest()[pri:0, instance:Tests.FrameTest@159f197] output={null}]]]>
              </value>
            </param>
          </params>
          <reporter-output>
          </reporter-output>
        </test-method> <!-- clearEnviroment -->
      </class> <!-- Tests.FrameTest -->
      <class name="Tests.LoginTest">
        <test-method status="PASS" signature="prepareEnviroment()[pri:0, instance:Tests.LoginTest@78aab498]" name="prepareEnviroment" is-config="true" duration-ms="11178" started-at="2023-03-02T19:07:19 EET" finished-at="2023-03-02T19:07:30 EET">
          <reporter-output>
          </reporter-output>
        </test-method> <!-- prepareEnviroment -->
        <test-method status="PASS" signature="metodaTest()[pri:0, instance:Tests.LoginTest@78aab498]" name="metodaTest" duration-ms="1925" started-at="2023-03-02T19:07:30 EET" finished-at="2023-03-02T19:07:32 EET">
          <reporter-output>
          </reporter-output>
        </test-method> <!-- metodaTest -->
        <test-method status="PASS" signature="clearEnviroment(org.testng.ITestResult)[pri:0, instance:Tests.LoginTest@78aab498]" name="clearEnviroment" is-config="true" duration-ms="1052" started-at="2023-03-02T19:07:32 EET" finished-at="2023-03-02T19:07:33 EET">
          <params>
            <param index="0">
              <value>
                <![CDATA[[TestResult name=metodaTest status=SUCCESS method=LoginTest.metodaTest()[pri:0, instance:Tests.LoginTest@78aab498] output={null}]]]>
              </value>
            </param>
          </params>
          <reporter-output>
          </reporter-output>
        </test-method> <!-- clearEnviroment -->
      </class> <!-- Tests.LoginTest -->
      <class name="Tests.WindowsTest">
        <test-method status="PASS" signature="prepareEnviroment()[pri:0, instance:Tests.WindowsTest@1ffe63b9]" name="prepareEnviroment" is-config="true" duration-ms="11150" started-at="2023-03-02T19:07:19 EET" finished-at="2023-03-02T19:07:30 EET">
          <reporter-output>
          </reporter-output>
        </test-method> <!-- prepareEnviroment -->
        <test-method status="PASS" signature="metodaTest()[pri:0, instance:Tests.WindowsTest@1ffe63b9]" name="metodaTest" duration-ms="6433" started-at="2023-03-02T19:07:30 EET" finished-at="2023-03-02T19:07:37 EET">
          <reporter-output>
          </reporter-output>
        </test-method> <!-- metodaTest -->
        <test-method status="PASS" signature="clearEnviroment(org.testng.ITestResult)[pri:0, instance:Tests.WindowsTest@1ffe63b9]" name="clearEnviroment" is-config="true" duration-ms="655" started-at="2023-03-02T19:07:37 EET" finished-at="2023-03-02T19:07:37 EET">
          <params>
            <param index="0">
              <value>
                <![CDATA[[TestResult name=metodaTest status=SUCCESS method=WindowsTest.metodaTest()[pri:0, instance:Tests.WindowsTest@1ffe63b9] output={null}]]]>
              </value>
            </param>
          </params>
          <reporter-output>
          </reporter-output>
        </test-method> <!-- clearEnviroment -->
      </class> <!-- Tests.WindowsTest -->
    </test> <!-- Parallel Tests -->
  </suite> <!-- Testing Suite -->
</testng-results>
