<?xml version="1.0" encoding="UTF-8"?>
<testsuite xmlns:xsi="http://www.w3.org/2001/XMLSchema-instance" xsi:schemaLocation="https://maven.apache.org/surefire/maven-surefire-plugin/xsd/surefire-test-report.xsd" name="TestSuite" time="49.753" tests="5" errors="0" skipped="0" failures="0">
  <properties>
[...]
</properties>
  <testcase name="metodaTest" classname="Tests.LoginTest" time="7.096"/>
  <testcase name="metodaTest" classname="Tests.FrameTest" time="30.049"/>
  <testcase name="metodaTest" classname="Tests.RegisterTest" time="30.661"/>
  <testcase name="metodaTest" classname="Tests.WindowsTest" time="38.603"/>
  <testcase name="metodaTest" classname="Tests.AlertTest" time="39.852"/>
</testsuite>